From github.com:BlankNetworks/BlankRelay
 * branch            main       -> FETCH_HEAD
Already up to date.
Requirement already satisfied: fastapi==0.115.12 in ./venv/lib/python3.10/site-packages (from -r requirements.txt (line 1)) (0.115.12)
Requirement already satisfied: uvicorn==0.34.2 in ./venv/lib/python3.10/site-packages (from uvicorn[standard]==0.34.2->-r requirements.txt (line 2)) (0.34.2)
Requirement already satisfied: sqlalchemy==2.0.40 in ./venv/lib/python3.10/site-packages (from -r requirements.txt (line 3)) (2.0.40)
Requirement already satisfied: pydantic==2.11.3 in ./venv/lib/python3.10/site-packages (from -r requirements.txt (line 4)) (2.11.3)
Requirement already satisfied: python-dotenv==1.2.2 in ./venv/lib/python3.10/site-packages (from -r requirements.txt (line 5)) (1.2.2)
Requirement already satisfied: passlib==1.7.4 in ./venv/lib/python3.10/site-packages (from passlib[bcrypt]==1.7.4->-r requirements.txt (line 6)) (1.7.4)
Requirement already satisfied: bcrypt==4.1.3 in ./venv/lib/python3.10/site-packages (from -r requirements.txt (line 7)) (4.1.3)
Requirement already satisfied: cryptography in ./venv/lib/python3.10/site-packages (from -r requirements.txt (line 8)) (46.0.7)
Requirement already satisfied: requests in ./venv/lib/python3.10/site-packages (from -r requirements.txt (line 9)) (2.33.1)
Requirement already satisfied: starlette<0.47.0,>=0.40.0 in ./venv/lib/python3.10/site-packages (from fastapi==0.115.12->-r requirements.txt (line 1)) (0.46.2)
Requirement already satisfied: typing-extensions>=4.8.0 in ./venv/lib/python3.10/site-packages (from fastapi==0.115.12->-r requirements.txt (line 1)) (4.15.0)
Requirement already satisfied: annotated-types>=0.6.0 in ./venv/lib/python3.10/site-packages (from pydantic==2.11.3->-r requirements.txt (line 4)) (0.7.0)
Requirement already satisfied: pydantic-core==2.33.1 in ./venv/lib/python3.10/site-packages (from pydantic==2.11.3->-r requirements.txt (line 4)) (2.33.1)
Requirement already satisfied: typing-inspection>=0.4.0 in ./venv/lib/python3.10/site-packages (from pydantic==2.11.3->-r requirements.txt (line 4)) (0.4.2)
Requirement already satisfied: click>=7.0 in ./venv/lib/python3.10/site-packages (from uvicorn==0.34.2->uvicorn[standard]==0.34.2->-r requirements.txt (line 2)) (8.3.2)
Requirement already satisfied: h11>=0.8 in ./venv/lib/python3.10/site-packages (from uvicorn==0.34.2->uvicorn[standard]==0.34.2->-r requirements.txt (line 2)) (0.16.0)
Requirement already satisfied: greenlet>=1 in ./venv/lib/python3.10/site-packages (from sqlalchemy==2.0.40->-r requirements.txt (line 3)) (3.4.0)
Requirement already satisfied: httptools>=0.6.3 in ./venv/lib/python3.10/site-packages (from uvicorn[standard]==0.34.2->-r requirements.txt (line 2)) (0.7.1)
Requirement already satisfied: pyyaml>=5.1 in ./venv/lib/python3.10/site-packages (from uvicorn[standard]==0.34.2->-r requirements.txt (line 2)) (6.0.3)
Requirement already satisfied: uvloop!=0.15.0,!=0.15.1,>=0.14.0 in ./venv/lib/python3.10/site-packages (from uvicorn[standard]==0.34.2->-r requirements.txt (line 2)) (0.22.1)
Requirement already satisfied: watchfiles>=0.13 in ./venv/lib/python3.10/site-packages (from uvicorn[standard]==0.34.2->-r requirements.txt (line 2)) (1.1.1)
Requirement already satisfied: websockets>=10.4 in ./venv/lib/python3.10/site-packages (from uvicorn[standard]==0.34.2->-r requirements.txt (line 2)) (16.0)
Requirement already satisfied: anyio<5,>=3.6.2 in ./venv/lib/python3.10/site-packages (from starlette<0.47.0,>=0.40.0->fastapi==0.115.12->-r requirements.txt (line 1)) (4.13.0)
Requirement already satisfied: exceptiongroup>=1.0.2 in ./venv/lib/python3.10/site-packages (from anyio<5,>=3.6.2->starlette<0.47.0,>=0.40.0->fastapi==0.115.12->-r requirements.txt (line 1)) (1.3.1)
Requirement already satisfied: idna>=2.8 in ./venv/lib/python3.10/site-packages (from anyio<5,>=3.6.2->starlette<0.47.0,>=0.40.0->fastapi==0.115.12->-r requirements.txt (line 1)) (3.11)
Requirement already satisfied: cffi>=2.0.0 in ./venv/lib/python3.10/site-packages (from cryptography->-r requirements.txt (line 8)) (2.0.0)
Requirement already satisfied: charset_normalizer<4,>=2 in ./venv/lib/python3.10/site-packages (from requests->-r requirements.txt (line 9)) (3.4.7)
Requirement already satisfied: urllib3<3,>=1.26 in ./venv/lib/python3.10/site-packages (from requests->-r requirements.txt (line 9)) (2.6.3)
Requirement already satisfied: certifi>=2023.5.7 in ./venv/lib/python3.10/site-packages (from requests->-r requirements.txt (line 9)) (2026.2.25)
Requirement already satisfied: pycparser in ./venv/lib/python3.10/site-packages (from cffi>=2.0.0->cryptography->-r requirements.txt (line 8)) (3.0)
